{"meta": {"format": 3, "version": "7.10.7", "timestamp": "2025-10-08T13:21:55.131201", "branch_coverage": false, "show_contexts": false}, "files": {"ghsom/__init__.py": {"executed_lines": [1, 28, 30, 31, 32, 33, 34, 36], "summary": {"covered_lines": 7, "num_statements": 7, "percent_covered": 100.0, "percent_covered_display": "100", "missing_lines": 0, "excluded_lines": 0}, "missing_lines": [], "excluded_lines": [], "functions": {"": {"executed_lines": [1, 28, 30, 31, 32, 33, 34, 36], "summary": {"covered_lines": 7, "num_statements": 7, "percent_covered": 100.0, "percent_covered_display": "100", "missing_lines": 0, "excluded_lines": 0}, "missing_lines": [], "excluded_lines": []}}, "classes": {"": {"executed_lines": [1, 28, 30, 31, 32, 33, 34, 36], "summary": {"covered_lines": 7, "num_statements": 7, "percent_covered": 100.0, "percent_covered_display": "100", "missing_lines": 0, "excluded_lines": 0}, "missing_lines": [], "excluded_lines": []}}}, "ghsom/builders/__init__.py": {"executed_lines": [1, 3, 5], "summary": {"covered_lines": 2, "num_statements": 2, "percent_covered": 100.0, "percent_covered_display": "100", "missing_lines": 0, "excluded_lines": 0}, "missing_lines": [], "excluded_lines": [], "functions": {"": {"executed_lines": [1, 3, 5], "summary": {"covered_lines": 2, "num_statements": 2, "percent_covered": 100.0, "percent_covered_display": "100", "missing_lines": 0, "excluded_lines": 0}, "missing_lines": [], "excluded_lines": []}}, "classes": {"": {"executed_lines": [1, 3, 5], "summary": {"covered_lines": 2, "num_statements": 2, "percent_covered": 100.0, "percent_covered_display": "100", "missing_lines": 0, "excluded_lines": 0}, "missing_lines": [], "excluded_lines": []}}}, "ghsom/builders/neuron_builder.py": {"executed_lines": [1, 4, 5, 7, 8, 9, 11, 12, 14, 22, 23, 24, 31, 33, 35, 37, 38, 39], "summary": {"covered_lines": 18, "num_statements": 18, "percent_covered": 100.0, "percent_covered_display": "100", "missing_lines": 0, "excluded_lines": 0}, "missing_lines": [], "excluded_lines": [], "functions": {"NeuronBuilder.__init__": {"executed_lines": [8, 9], "summary": {"covered_lines": 2, "num_statements": 2, "percent_covered": 100.0, "percent_covered_display": "100", "missing_lines": 0, "excluded_lines": 0}, "missing_lines": [], "excluded_lines": []}, "NeuronBuilder.new_neuron": {"executed_lines": [12, 14], "summary": {"covered_lines": 2, "num_statements": 2, "percent_covered": 100.0, "percent_covered_display": "100", "missing_lines": 0, "excluded_lines": 0}, "missing_lines": [], "excluded_lines": []}, "NeuronBuilder.zero_neuron": {"executed_lines": [23, 24, 31, 33, 35], "summary": {"covered_lines": 5, "num_statements": 5, "percent_covered": 100.0, "percent_covered_display": "100", "missing_lines": 0, "excluded_lines": 0}, "missing_lines": [], "excluded_lines": []}, "NeuronBuilder.__calc_input_mean": {"executed_lines": [39], "summary": {"covered_lines": 1, "num_statements": 1, "percent_covered": 100.0, "percent_covered_display": "100", "missing_lines": 0, "excluded_lines": 0}, "missing_lines": [], "excluded_lines": []}, "": {"executed_lines": [1, 4, 5, 7, 11, 22, 37, 38], "summary": {"covered_lines": 8, "num_statements": 8, "percent_covered": 100.0, "percent_covered_display": "100", "missing_lines": 0, "excluded_lines": 0}, "missing_lines": [], "excluded_lines": []}}, "classes": {"NeuronBuilder": {"executed_lines": [8, 9, 12, 14, 23, 24, 31, 33, 35, 39], "summary": {"covered_lines": 10, "num_statements": 10, "percent_covered": 100.0, "percent_covered_display": "100", "missing_lines": 0, "excluded_lines": 0}, "missing_lines": [], "excluded_lines": []}, "": {"executed_lines": [1, 4, 5, 7, 11, 22, 37, 38], "summary": {"covered_lines": 8, "num_statements": 8, "percent_covered": 100.0, "percent_covered_display": "100", "missing_lines": 0, "excluded_lines": 0}, "missing_lines": [], "excluded_lines": []}}}, "ghsom/callbacks/__init__.py": {"executed_lines": [1, 3, 4, 6], "summary": {"covered_lines": 3, "num_statements": 3, "percent_covered": 100.0, "percent_covered_display": "100", "missing_lines": 0, "excluded_lines": 0}, "missing_lines": [], "excluded_lines": [], "functions": {"": {"executed_lines": [1, 3, 4, 6], "summary": {"covered_lines": 3, "num_statements": 3, "percent_covered": 100.0, "percent_covered_display": "100", "missing_lines": 0, "excluded_lines": 0}, "missing_lines": [], "excluded_lines": []}}, "classes": {"": {"executed_lines": [1, 3, 4, 6], "summary": {"covered_lines": 3, "num_statements": 3, "percent_covered": 100.0, "percent_covered_display": "100", "missing_lines": 0, "excluded_lines": 0}, "missing_lines": [], "excluded_lines": []}}}, "ghsom/callbacks/base.py": {"executed_lines": [1, 3, 6, 7, 17, 18, 36, 37, 48, 49], "summary": {"covered_lines": 8, "num_statements": 11, "percent_covered": 72.72727272727273, "percent_covered_display": "73", "missing_lines": 3, "excluded_lines": 0}, "missing_lines": [34, 46, 57], "excluded_lines": [], "functions": {"TrackingCallback.on_train_begin": {"executed_lines": [], "summary": {"covered_lines": 0, "num_statements": 1, "percent_covered": 0.0, "percent_covered_display": "0", "missing_lines": 1, "excluded_lines": 0}, "missing_lines": [34], "excluded_lines": []}, "TrackingCallback.on_map_created": {"executed_lines": [], "summary": {"covered_lines": 0, "num_statements": 1, "percent_covered": 0.0, "percent_covered_display": "0", "missing_lines": 1, "excluded_lines": 0}, "missing_lines": [46], "excluded_lines": []}, "TrackingCallback.on_train_end": {"executed_lines": [], "summary": {"covered_lines": 0, "num_statements": 1, "percent_covered": 0.0, "percent_covered_display": "0", "missing_lines": 1, "excluded_lines": 0}, "missing_lines": [57], "excluded_lines": []}, "": {"executed_lines": [1, 3, 6, 7, 17, 18, 36, 37, 48, 49], "summary": {"covered_lines": 8, "num_statements": 8, "percent_covered": 100.0, "percent_covered_display": "100", "missing_lines": 0, "excluded_lines": 0}, "missing_lines": [], "excluded_lines": []}}, "classes": {"TrackingCallback": {"executed_lines": [], "summary": {"covered_lines": 0, "num_statements": 3, "percent_covered": 0.0, "percent_covered_display": "0", "missing_lines": 3, "excluded_lines": 0}, "missing_lines": [34, 46, 57], "excluded_lines": []}, "": {"executed_lines": [1, 3, 6, 7, 17, 18, 36, 37, 48, 49], "summary": {"covered_lines": 8, "num_statements": 8, "percent_covered": 100.0, "percent_covered_display": "100", "missing_lines": 0, "excluded_lines": 0}, "missing_lines": [], "excluded_lines": []}}}, "ghsom/callbacks/wandb_callback.py": {"executed_lines": [], "summary": {"covered_lines": 0, "num_statements": 21, "percent_covered": 0.0, "percent_covered_display": "0", "missing_lines": 21, "excluded_lines": 0}, "missing_lines": [3, 6, 22, 34, 35, 37, 38, 39, 43, 44, 45, 46, 48, 55, 59, 66, 67, 69, 76, 77, 78], "excluded_lines": [], "functions": {"WandBCallback.__init__": {"executed_lines": [], "summary": {"covered_lines": 0, "num_statements": 9, "percent_covered": 0.0, "percent_covered_display": "0", "missing_lines": 9, "excluded_lines": 0}, "missing_lines": [34, 35, 37, 38, 39, 43, 44, 45, 46], "excluded_lines": []}, "WandBCallback.on_train_begin": {"executed_lines": [], "summary": {"covered_lines": 0, "num_statements": 1, "percent_covered": 0.0, "percent_covered_display": "0", "missing_lines": 1, "excluded_lines": 0}, "missing_lines": [55], "excluded_lines": []}, "WandBCallback.on_map_created": {"executed_lines": [], "summary": {"covered_lines": 0, "num_statements": 2, "percent_covered": 0.0, "percent_covered_display": "0", "missing_lines": 2, "excluded_lines": 0}, "missing_lines": [66, 67], "excluded_lines": []}, "WandBCallback.on_train_end": {"executed_lines": [], "summary": {"covered_lines": 0, "num_statements": 3, "percent_covered": 0.0, "percent_covered_display": "0", "missing_lines": 3, "excluded_lines": 0}, "missing_lines": [76, 77, 78], "excluded_lines": []}, "": {"executed_lines": [], "summary": {"covered_lines": 0, "num_statements": 6, "percent_covered": 0.0, "percent_covered_display": "0", "missing_lines": 6, "excluded_lines": 0}, "missing_lines": [3, 6, 22, 48, 59, 69], "excluded_lines": []}}, "classes": {"WandBCallback": {"executed_lines": [], "summary": {"covered_lines": 0, "num_statements": 15, "percent_covered": 0.0, "percent_covered_display": "0", "missing_lines": 15, "excluded_lines": 0}, "missing_lines": [34, 35, 37, 38, 39, 43, 44, 45, 46, 55, 66, 67, 76, 77, 78], "excluded_lines": []}, "": {"executed_lines": [], "summary": {"covered_lines": 0, "num_statements": 6, "percent_covered": 0.0, "percent_covered_display": "0", "missing_lines": 6, "excluded_lines": 0}, "missing_lines": [3, 6, 22, 48, 59, 69], "excluded_lines": []}}}, "ghsom/core/__init__.py": {"executed_lines": [1, 3, 4, 5, 7], "summary": {"covered_lines": 4, "num_statements": 4, "percent_covered": 100.0, "percent_covered_display": "100", "missing_lines": 0, "excluded_lines": 0}, "missing_lines": [], "excluded_lines": [], "functions": {"": {"executed_lines": [1, 3, 4, 5, 7], "summary": {"covered_lines": 4, "num_statements": 4, "percent_covered": 100.0, "percent_covered_display": "100", "missing_lines": 0, "excluded_lines": 0}, "missing_lines": [], "excluded_lines": []}}, "classes": {"": {"executed_lines": [1, 3, 4, 5, 7], "summary": {"covered_lines": 4, "num_statements": 4, "percent_covered": 100.0, "percent_covered_display": "100", "missing_lines": 0, "excluded_lines": 0}, "missing_lines": [], "excluded_lines": []}}}, "ghsom/core/ghsom.py": {"executed_lines": [1, 2, 3, 4, 6, 8, 9, 12, 13, 61, 62, 64, 65, 66, 67, 68, 69, 71, 72, 74, 220, 241, 268, 314, 315, 330, 355, 376, 377, 393, 394], "summary": {"covered_lines": 31, "num_statements": 90, "percent_covered": 34.44444444444444, "percent_covered_display": "34", "missing_lines": 59, "excluded_lines": 0}, "missing_lines": [120, 123, 134, 135, 138, 141, 142, 145, 148, 151, 154, 155, 156, 159, 160, 163, 177, 181, 182, 183, 186, 189, 190, 197, 201, 202, 205, 207, 210, 211, 214, 215, 216, 218, 230, 232, 238, 258, 298, 299, 300, 301, 302, 306, 310, 312, 328, 346, 366, 367, 368, 369, 372, 374, 388, 389, 407, 408, 409], "excluded_lines": [], "functions": {"GHSOM.__init__": {"executed_lines": [61, 62, 64, 65, 66, 67, 68, 69, 71, 72], "summary": {"covered_lines": 10, "num_statements": 10, "percent_covered": 100.0, "percent_covered_display": "100", "missing_lines": 0, "excluded_lines": 0}, "missing_lines": [], "excluded_lines": []}, "GHSOM.train": {"executed_lines": [], "summary": {"covered_lines": 0, "num_statements": 34, "percent_covered": 0.0, "percent_covered_display": "0", "missing_lines": 34, "excluded_lines": 0}, "missing_lines": [120, 123, 134, 135, 138, 141, 142, 145, 148, 151, 154, 155, 156, 159, 160, 163, 177, 181, 182, 183, 186, 189, 190, 197, 201, 202, 205, 207, 210, 211, 214, 215, 216, 218], "excluded_lines": []}, "GHSOM.__init_zero_unit": {"executed_lines": [], "summary": {"covered_lines": 0, "num_statements": 3, "percent_covered": 0.0, "percent_covered_display": "0", "missing_lines": 3, "excluded_lines": 0}, "missing_lines": [230, 232, 238], "excluded_lines": []}, "GHSOM.__build_new_GSOM": {"executed_lines": [], "summary": {"covered_lines": 0, "num_statements": 1, "percent_covered": 0.0, "percent_covered_display": "0", "missing_lines": 1, "excluded_lines": 0}, "missing_lines": [258], "excluded_lines": []}, "GHSOM.__new_map_weights": {"executed_lines": [], "summary": {"covered_lines": 0, "num_statements": 8, "percent_covered": 0.0, "percent_covered_display": "0", "missing_lines": 8, "excluded_lines": 0}, "missing_lines": [298, 299, 300, 301, 302, 306, 310, 312], "excluded_lines": []}, "GHSOM.__elements_from_positions_list": {"executed_lines": [], "summary": {"covered_lines": 0, "num_statements": 1, "percent_covered": 0.0, "percent_covered_display": "0", "missing_lines": 1, "excluded_lines": 0}, "missing_lines": [328], "excluded_lines": []}, "GHSOM.__filter_out_of_bound_positions": {"executed_lines": [], "summary": {"covered_lines": 0, "num_statements": 1, "percent_covered": 0.0, "percent_covered_display": "0", "missing_lines": 1, "excluded_lines": 0}, "missing_lines": [346], "excluded_lines": []}, "GHSOM.__calc_initial_random_weights": {"executed_lines": [], "summary": {"covered_lines": 0, "num_statements": 6, "percent_covered": 0.0, "percent_covered_display": "0", "missing_lines": 6, "excluded_lines": 0}, "missing_lines": [366, 367, 368, 369, 372, 374], "excluded_lines": []}, "GHSOM.__generate_kernel_stencil": {"executed_lines": [], "summary": {"covered_lines": 0, "num_statements": 2, "percent_covered": 0.0, "percent_covered_display": "0", "missing_lines": 2, "excluded_lines": 0}, "missing_lines": [388, 389], "excluded_lines": []}, "GHSOM.__check_position": {"executed_lines": [], "summary": {"covered_lines": 0, "num_statements": 3, "percent_covered": 0.0, "percent_covered_display": "0", "missing_lines": 3, "excluded_lines": 0}, "missing_lines": [407, 408, 409], "excluded_lines": []}, "": {"executed_lines": [1, 2, 3, 4, 6, 8, 9, 12, 13, 74, 220, 241, 268, 314, 315, 330, 355, 376, 377, 393, 394], "summary": {"covered_lines": 21, "num_statements": 21, "percent_covered": 100.0, "percent_covered_display": "100", "missing_lines": 0, "excluded_lines": 0}, "missing_lines": [], "excluded_lines": []}}, "classes": {"GHSOM": {"executed_lines": [61, 62, 64, 65, 66, 67, 68, 69, 71, 72], "summary": {"covered_lines": 10, "num_statements": 69, "percent_covered": 14.492753623188406, "percent_covered_display": "14", "missing_lines": 59, "excluded_lines": 0}, "missing_lines": [120, 123, 134, 135, 138, 141, 142, 145, 148, 151, 154, 155, 156, 159, 160, 163, 177, 181, 182, 183, 186, 189, 190, 197, 201, 202, 205, 207, 210, 211, 214, 215, 216, 218, 230, 232, 238, 258, 298, 299, 300, 301, 302, 306, 310, 312, 328, 346, 366, 367, 368, 369, 372, 374, 388, 389, 407, 408, 409], "excluded_lines": []}, "": {"executed_lines": [1, 2, 3, 4, 6, 8, 9, 12, 13, 74, 220, 241, 268, 314, 315, 330, 355, 376, 377, 393, 394], "summary": {"covered_lines": 21, "num_statements": 21, "percent_covered": 100.0, "percent_covered_display": "100", "missing_lines": 0, "excluded_lines": 0}, "missing_lines": [], "excluded_lines": []}}}, "ghsom/core/gsom.py": {"executed_lines": [1, 3, 6, 7, 41, 43, 44, 45, 46, 47, 48, 50, 52, 54, 65, 66, 68, 69, 70, 72, 74, 79, 81, 83, 124, 125, 126, 127, 137, 138, 139, 140, 146, 172, 173, 174, 175, 178, 180, 181, 183, 196, 198, 199, 200, 201, 203, 216, 217, 219, 220, 222, 224, 235, 237, 238, 239, 241, 242, 243, 244, 245, 247, 251, 258, 261, 263, 264, 265, 267, 271, 272, 274, 285, 286, 287, 288, 289, 290, 292, 293, 295, 305, 306, 307, 308, 312, 314, 318, 319, 321, 322, 324, 325, 330, 340, 341, 342, 344, 346, 348, 349, 350, 351, 352, 353, 355, 356, 362, 372, 373, 374, 376, 378, 380, 381, 382, 383, 384, 385, 387, 388, 392, 414, 429, 430, 452, 453, 466, 474, 475, 488, 490, 491, 504, 506, 519, 520, 526, 539, 541, 548, 549, 551, 570, 571, 574, 576, 577, 578], "summary": {"covered_lines": 150, "num_statements": 174, "percent_covered": 86.20689655172414, "percent_covered_display": "86", "missing_lines": 24, "excluded_lines": 0}, "missing_lines": [142, 143, 144, 323, 326, 328, 360, 390, 405, 406, 409, 411, 412, 424, 425, 426, 427, 443, 444, 445, 447, 448, 450, 572], "excluded_lines": [], "functions": {"GSOM.__init__": {"executed_lines": [41, 43, 44, 45, 46, 47, 48, 50, 52], "summary": {"covered_lines": 9, "num_statements": 9, "percent_covered": 100.0, "percent_covered_display": "100", "missing_lines": 0, "excluded_lines": 0}, "missing_lines": [], "excluded_lines": []}, "GSOM.winner_neuron": {"executed_lines": [65, 66, 68, 69, 70, 72, 74, 79, 81], "summary": {"covered_lines": 9, "num_statements": 9, "percent_covered": 100.0, "percent_covered_display": "100", "missing_lines": 0, "excluded_lines": 0}, "missing_lines": [], "excluded_lines": []}, "GSOM.train": {"executed_lines": [124, 125, 126, 127, 137, 138, 139, 140], "summary": {"covered_lines": 8, "num_statements": 11, "percent_covered": 72.72727272727273, "percent_covered_display": "73", "missing_lines": 3, "excluded_lines": 0}, "missing_lines": [142, 143, 144], "excluded_lines": []}, "GSOM.__neurons_training": {"executed_lines": [172, 173, 174, 175, 178, 180, 181], "summary": {"covered_lines": 7, "num_statements": 7, "percent_covered": 100.0, "percent_covered_display": "100", "missing_lines": 0, "excluded_lines": 0}, "missing_lines": [], "excluded_lines": []}, "GSOM.__update_neurons": {"executed_lines": [196, 198, 199, 200, 201], "summary": {"covered_lines": 5, "num_statements": 5, "percent_covered": 100.0, "percent_covered_display": "100", "missing_lines": 0, "excluded_lines": 0}, "missing_lines": [], "excluded_lines": []}, "GSOM.__gaussian_kernel": {"executed_lines": [216, 217, 219, 220, 222], "summary": {"covered_lines": 5, "num_statements": 5, "percent_covered": 100.0, "percent_covered_display": "100", "missing_lines": 0, "excluded_lines": 0}, "missing_lines": [], "excluded_lines": []}, "GSOM.__can_grow": {"executed_lines": [235, 237, 238, 239, 241, 242, 243, 244, 245, 247], "summary": {"covered_lines": 10, "num_statements": 10, "percent_covered": 100.0, "percent_covered_display": "100", "missing_lines": 0, "excluded_lines": 0}, "missing_lines": [], "excluded_lines": []}, "GSOM.__map_data_to_neurons": {"executed_lines": [258, 261, 263, 264, 265], "summary": {"covered_lines": 5, "num_statements": 5, "percent_covered": 100.0, "percent_covered_display": "100", "missing_lines": 0, "excluded_lines": 0}, "missing_lines": [], "excluded_lines": []}, "GSOM.__clear_neurons_dataset": {"executed_lines": [271, 272], "summary": {"covered_lines": 2, "num_statements": 2, "percent_covered": 100.0, "percent_covered_display": "100", "missing_lines": 0, "excluded_lines": 0}, "missing_lines": [], "excluded_lines": []}, "GSOM.__find_error_neuron": {"executed_lines": [285, 286, 287, 288, 289, 290, 292, 293], "summary": {"covered_lines": 8, "num_statements": 8, "percent_covered": 100.0, "percent_covered_display": "100", "missing_lines": 0, "excluded_lines": 0}, "missing_lines": [], "excluded_lines": []}, "GSOM.__find_most_dissimilar_neuron": {"executed_lines": [305, 306, 307, 308, 312], "summary": {"covered_lines": 5, "num_statements": 5, "percent_covered": 100.0, "percent_covered_display": "100", "missing_lines": 0, "excluded_lines": 0}, "missing_lines": [], "excluded_lines": []}, "GSOM.grow": {"executed_lines": [318, 319, 321, 322, 324, 325], "summary": {"covered_lines": 6, "num_statements": 9, "percent_covered": 66.66666666666667, "percent_covered_display": "67", "missing_lines": 3, "excluded_lines": 0}, "missing_lines": [323, 326, 328], "excluded_lines": []}, "GSOM.add_column_between": {"executed_lines": [340, 341, 342, 344, 346, 348, 349, 350, 351, 352, 353, 355, 356], "summary": {"covered_lines": 13, "num_statements": 14, "percent_covered": 92.85714285714286, "percent_covered_display": "93", "missing_lines": 1, "excluded_lines": 0}, "missing_lines": [360], "excluded_lines": []}, "GSOM.add_row_between": {"executed_lines": [372, 373, 374, 376, 378, 380, 381, 382, 383, 384, 385, 387, 388], "summary": {"covered_lines": 13, "num_statements": 14, "percent_covered": 92.85714285714286, "percent_covered_display": "93", "missing_lines": 1, "excluded_lines": 0}, "missing_lines": [390], "excluded_lines": []}, "GSOM.__init_new_neurons_weight_vector": {"executed_lines": [], "summary": {"covered_lines": 0, "num_statements": 5, "percent_covered": 0.0, "percent_covered_display": "0", "missing_lines": 5, "excluded_lines": 0}, "missing_lines": [405, 406, 409, 411, 412], "excluded_lines": []}, "GSOM.__mean_weight_vector": {"executed_lines": [], "summary": {"covered_lines": 0, "num_statements": 4, "percent_covered": 0.0, "percent_covered_display": "0", "missing_lines": 4, "excluded_lines": 0}, "missing_lines": [424, 425, 426, 427], "excluded_lines": []}, "GSOM.__get_adjacent_neuron_idxs_by_direction": {"executed_lines": [], "summary": {"covered_lines": 0, "num_statements": 6, "percent_covered": 0.0, "percent_covered_display": "0", "missing_lines": 6, "excluded_lines": 0}, "missing_lines": [443, 444, 445, 447, 448, 450], "excluded_lines": []}, "GSOM.are_neurons_neighbours": {"executed_lines": [466], "summary": {"covered_lines": 1, "num_statements": 1, "percent_covered": 100.0, "percent_covered_display": "100", "missing_lines": 0, "excluded_lines": 0}, "missing_lines": [], "excluded_lines": []}, "GSOM.are_in_same_row": {"executed_lines": [488], "summary": {"covered_lines": 1, "num_statements": 1, "percent_covered": 100.0, "percent_covered_display": "100", "missing_lines": 0, "excluded_lines": 0}, "missing_lines": [], "excluded_lines": []}, "GSOM.are_in_same_column": {"executed_lines": [504], "summary": {"covered_lines": 1, "num_statements": 1, "percent_covered": 100.0, "percent_covered_display": "100", "missing_lines": 0, "excluded_lines": 0}, "missing_lines": [], "excluded_lines": []}, "GSOM.__build_neurons_list": {"executed_lines": [519, 520], "summary": {"covered_lines": 2, "num_statements": 2, "percent_covered": 100.0, "percent_covered_display": "100", "missing_lines": 0, "excluded_lines": 0}, "missing_lines": [], "excluded_lines": []}, "GSOM.__build_neuron": {"executed_lines": [539], "summary": {"covered_lines": 1, "num_statements": 1, "percent_covered": 100.0, "percent_covered_display": "100", "missing_lines": 0, "excluded_lines": 0}, "missing_lines": [], "excluded_lines": []}, "GSOM.map_shape": {"executed_lines": [548, 549], "summary": {"covered_lines": 2, "num_statements": 2, "percent_covered": 100.0, "percent_covered_display": "100", "missing_lines": 0, "excluded_lines": 0}, "missing_lines": [], "excluded_lines": []}, "GSOM.__training_data": {"executed_lines": [570, 571, 574, 576, 577, 578], "summary": {"covered_lines": 6, "num_statements": 7, "percent_covered": 85.71428571428571, "percent_covered_display": "86", "missing_lines": 1, "excluded_lines": 0}, "missing_lines": [572], "excluded_lines": []}, "": {"executed_lines": [1, 3, 6, 7, 54, 83, 146, 183, 203, 224, 251, 267, 274, 295, 314, 330, 362, 392, 414, 429, 430, 452, 453, 474, 475, 490, 491, 506, 526, 541, 551], "summary": {"covered_lines": 31, "num_statements": 31, "percent_covered": 100.0, "percent_covered_display": "100", "missing_lines": 0, "excluded_lines": 0}, "missing_lines": [], "excluded_lines": []}}, "classes": {"GSOM": {"executed_lines": [41, 43, 44, 45, 46, 47, 48, 50, 52, 65, 66, 68, 69, 70, 72, 74, 79, 81, 124, 125, 126, 127, 137, 138, 139, 140, 172, 173, 174, 175, 178, 180, 181, 196, 198, 199, 200, 201, 216, 217, 219, 220, 222, 235, 237, 238, 239, 241, 242, 243, 244, 245, 247, 258, 261, 263, 264, 265, 271, 272, 285, 286, 287, 288, 289, 290, 292, 293, 305, 306, 307, 308, 312, 318, 319, 321, 322, 324, 325, 340, 341, 342, 344, 346, 348, 349, 350, 351, 352, 353, 355, 356, 372, 373, 374, 376, 378, 380, 381, 382, 383, 384, 385, 387, 388, 466, 488, 504, 519, 520, 539, 548, 549, 570, 571, 574, 576, 577, 578], "summary": {"covered_lines": 119, "num_statements": 143, "percent_covered": 83.21678321678321, "percent_covered_display": "83", "missing_lines": 24, "excluded_lines": 0}, "missing_lines": [142, 143, 144, 323, 326, 328, 360, 390, 405, 406, 409, 411, 412, 424, 425, 426, 427, 443, 444, 445, 447, 448, 450, 572], "excluded_lines": []}, "": {"executed_lines": [1, 3, 6, 7, 54, 83, 146, 183, 203, 224, 251, 267, 274, 295, 314, 330, 362, 392, 414, 429, 430, 452, 453, 474, 475, 490, 491, 506, 526, 541, 551], "summary": {"covered_lines": 31, "num_statements": 31, "percent_covered": 100.0, "percent_covered_display": "100", "missing_lines": 0, "excluded_lines": 0}, "missing_lines": [], "excluded_lines": []}}}, "ghsom/core/neuron.py": {"executed_lines": [1, 4, 5, 17, 18, 19, 21, 22, 24, 25, 27, 28, 30, 31, 32, 33, 35, 38, 40, 41, 45, 46, 47, 49, 50, 52, 54, 55, 57, 58, 60, 61, 63, 64, 65, 67, 68, 69, 70, 72, 73, 75, 76, 77, 79], "summary": {"covered_lines": 45, "num_statements": 51, "percent_covered": 88.23529411764706, "percent_covered_display": "88", "missing_lines": 6, "excluded_lines": 0}, "missing_lines": [80, 81, 89, 90, 91, 92], "excluded_lines": [], "functions": {"Neuron.__init__": {"executed_lines": [17, 18, 19, 21, 22, 24, 25, 27, 28], "summary": {"covered_lines": 9, "num_statements": 9, "percent_covered": 100.0, "percent_covered_display": "100", "missing_lines": 0, "excluded_lines": 0}, "missing_lines": [], "excluded_lines": []}, "Neuron.activation": {"executed_lines": [31, 32, 33, 35, 38], "summary": {"covered_lines": 5, "num_statements": 5, "percent_covered": 100.0, "percent_covered_display": "100", "missing_lines": 0, "excluded_lines": 0}, "missing_lines": [], "excluded_lines": []}, "Neuron.needs_child_map": {"executed_lines": [41], "summary": {"covered_lines": 1, "num_statements": 1, "percent_covered": 100.0, "percent_covered_display": "100", "missing_lines": 0, "excluded_lines": 0}, "missing_lines": [], "excluded_lines": []}, "Neuron.compute_quantization_error": {"executed_lines": [46, 47, 49, 50, 52], "summary": {"covered_lines": 5, "num_statements": 5, "percent_covered": 100.0, "percent_covered_display": "100", "missing_lines": 0, "excluded_lines": 0}, "missing_lines": [], "excluded_lines": []}, "Neuron.weight_distance_from_other_unit": {"executed_lines": [55], "summary": {"covered_lines": 1, "num_statements": 1, "percent_covered": 100.0, "percent_covered_display": "100", "missing_lines": 0, "excluded_lines": 0}, "missing_lines": [], "excluded_lines": []}, "Neuron.weight_vector": {"executed_lines": [58], "summary": {"covered_lines": 1, "num_statements": 1, "percent_covered": 100.0, "percent_covered_display": "100", "missing_lines": 0, "excluded_lines": 0}, "missing_lines": [], "excluded_lines": []}, "Neuron.has_dataset": {"executed_lines": [61], "summary": {"covered_lines": 1, "num_statements": 1, "percent_covered": 100.0, "percent_covered_display": "100", "missing_lines": 0, "excluded_lines": 0}, "missing_lines": [], "excluded_lines": []}, "Neuron.replace_dataset": {"executed_lines": [64, 65], "summary": {"covered_lines": 2, "num_statements": 2, "percent_covered": 100.0, "percent_covered_display": "100", "missing_lines": 0, "excluded_lines": 0}, "missing_lines": [], "excluded_lines": []}, "Neuron.clear_dataset": {"executed_lines": [68, 69, 70], "summary": {"covered_lines": 3, "num_statements": 3, "percent_covered": 100.0, "percent_covered_display": "100", "missing_lines": 0, "excluded_lines": 0}, "missing_lines": [], "excluded_lines": []}, "Neuron.has_changed_from_previous_epoch": {"executed_lines": [73], "summary": {"covered_lines": 1, "num_statements": 1, "percent_covered": 100.0, "percent_covered_display": "100", "missing_lines": 0, "excluded_lines": 0}, "missing_lines": [], "excluded_lines": []}, "Neuron.__init_empty_dataset": {"executed_lines": [76, 77], "summary": {"covered_lines": 2, "num_statements": 2, "percent_covered": 100.0, "percent_covered_display": "100", "missing_lines": 0, "excluded_lines": 0}, "missing_lines": [], "excluded_lines": []}, "Neuron.__repr__": {"executed_lines": [], "summary": {"covered_lines": 0, "num_statements": 6, "percent_covered": 0.0, "percent_covered_display": "0", "missing_lines": 6, "excluded_lines": 0}, "missing_lines": [80, 81, 89, 90, 91, 92], "excluded_lines": []}, "": {"executed_lines": [1, 4, 5, 30, 40, 45, 54, 57, 60, 63, 67, 72, 75, 79], "summary": {"covered_lines": 14, "num_statements": 14, "percent_covered": 100.0, "percent_covered_display": "100", "missing_lines": 0, "excluded_lines": 0}, "missing_lines": [], "excluded_lines": []}}, "classes": {"Neuron": {"executed_lines": [17, 18, 19, 21, 22, 24, 25, 27, 28, 31, 32, 33, 35, 38, 41, 46, 47, 49, 50, 52, 55, 58, 61, 64, 65, 68, 69, 70, 73, 76, 77], "summary": {"covered_lines": 31, "num_statements": 37, "percent_covered": 83.78378378378379, "percent_covered_display": "84", "missing_lines": 6, "excluded_lines": 0}, "missing_lines": [80, 81, 89, 90, 91, 92], "excluded_lines": []}, "": {"executed_lines": [1, 4, 5, 30, 40, 45, 54, 57, 60, 63, 67, 72, 75, 79], "summary": {"covered_lines": 14, "num_statements": 14, "percent_covered": 100.0, "percent_covered_display": "100", "missing_lines": 0, "excluded_lines": 0}, "missing_lines": [], "excluded_lines": []}}}, "ghsom/evaluation/__init__.py": {"executed_lines": [], "summary": {"covered_lines": 0, "num_statements": 0, "percent_covered": 100.0, "percent_covered_display": "100", "missing_lines": 0, "excluded_lines": 0}, "missing_lines": [], "excluded_lines": [], "functions": {"": {"executed_lines": [], "summary": {"covered_lines": 0, "num_statements": 0, "percent_covered": 100.0, "percent_covered_display": "100", "missing_lines": 0, "excluded_lines": 0}, "missing_lines": [], "excluded_lines": []}}, "classes": {"": {"executed_lines": [], "summary": {"covered_lines": 0, "num_statements": 0, "percent_covered": 100.0, "percent_covered_display": "100", "missing_lines": 0, "excluded_lines": 0}, "missing_lines": [], "excluded_lines": []}}}, "ghsom/evaluation/metrics.py": {"executed_lines": [], "summary": {"covered_lines": 0, "num_statements": 96, "percent_covered": 0.0, "percent_covered_display": "0", "missing_lines": 96, "excluded_lines": 0}, "missing_lines": [1, 3, 5, 8, 23, 26, 27, 30, 31, 32, 35, 38, 41, 42, 44, 45, 49, 52, 65, 68, 71, 72, 73, 76, 79, 81, 82, 83, 86, 102, 105, 106, 107, 108, 111, 112, 113, 115, 116, 119, 124, 127, 128, 130, 133, 143, 144, 145, 146, 148, 150, 153, 155, 156, 157, 160, 170, 171, 172, 173, 174, 176, 179, 181, 182, 183, 186, 197, 198, 199, 200, 202, 205, 207, 208, 209, 212, 222, 223, 224, 225, 227, 230, 232, 233, 234, 237, 247, 248, 249, 250, 251, 254, 264, 265, 266], "excluded_lines": [], "functions": {"mean_data_centroid_activation": {"executed_lines": [], "summary": {"covered_lines": 0, "num_statements": 13, "percent_covered": 0.0, "percent_covered_display": "0", "missing_lines": 13, "excluded_lines": 0}, "missing_lines": [23, 26, 27, 30, 31, 32, 35, 38, 41, 42, 44, 45, 49], "excluded_lines": []}, "__number_of_neurons": {"executed_lines": [], "summary": {"covered_lines": 0, "num_statements": 6, "percent_covered": 0.0, "percent_covered_display": "0", "missing_lines": 6, "excluded_lines": 0}, "missing_lines": [65, 68, 71, 72, 73, 76], "excluded_lines": []}, "get_total_number_of_neurons": {"executed_lines": [], "summary": {"covered_lines": 0, "num_statements": 3, "percent_covered": 0.0, "percent_covered_display": "0", "missing_lines": 3, "excluded_lines": 0}, "missing_lines": [81, 82, 83], "excluded_lines": []}, "dispersion_rate": {"executed_lines": [], "summary": {"covered_lines": 0, "num_statements": 15, "percent_covered": 0.0, "percent_covered_display": "0", "missing_lines": 15, "excluded_lines": 0}, "missing_lines": [102, 105, 106, 107, 108, 111, 112, 113, 115, 116, 119, 124, 127, 128, 130], "excluded_lines": []}, "_get_number_of_clusters": {"executed_lines": [], "summary": {"covered_lines": 0, "num_statements": 6, "percent_covered": 0.0, "percent_covered_display": "0", "missing_lines": 6, "excluded_lines": 0}, "missing_lines": [143, 144, 145, 146, 148, 150], "excluded_lines": []}, "get_number_of_clusters": {"executed_lines": [], "summary": {"covered_lines": 0, "num_statements": 3, "percent_covered": 0.0, "percent_covered_display": "0", "missing_lines": 3, "excluded_lines": 0}, "missing_lines": [155, 156, 157], "excluded_lines": []}, "_get_number_of_maps": {"executed_lines": [], "summary": {"covered_lines": 0, "num_statements": 6, "percent_covered": 0.0, "percent_covered_display": "0", "missing_lines": 6, "excluded_lines": 0}, "missing_lines": [170, 171, 172, 173, 174, 176], "excluded_lines": []}, "get_number_of_maps": {"executed_lines": [], "summary": {"covered_lines": 0, "num_statements": 3, "percent_covered": 0.0, "percent_covered_display": "0", "missing_lines": 3, "excluded_lines": 0}, "missing_lines": [181, 182, 183], "excluded_lines": []}, "_get_ghsom_depth": {"executed_lines": [], "summary": {"covered_lines": 0, "num_statements": 5, "percent_covered": 0.0, "percent_covered_display": "0", "missing_lines": 5, "excluded_lines": 0}, "missing_lines": [197, 198, 199, 200, 202], "excluded_lines": []}, "get_ghsom_depth": {"executed_lines": [], "summary": {"covered_lines": 0, "num_statements": 3, "percent_covered": 0.0, "percent_covered_display": "0", "missing_lines": 3, "excluded_lines": 0}, "missing_lines": [207, 208, 209], "excluded_lines": []}, "_get_max_neurons_in_child_map": {"executed_lines": [], "summary": {"covered_lines": 0, "num_statements": 5, "percent_covered": 0.0, "percent_covered_display": "0", "missing_lines": 5, "excluded_lines": 0}, "missing_lines": [222, 223, 224, 225, 227], "excluded_lines": []}, "get_max_neurons_in_child_map": {"executed_lines": [], "summary": {"covered_lines": 0, "num_statements": 3, "percent_covered": 0.0, "percent_covered_display": "0", "missing_lines": 3, "excluded_lines": 0}, "missing_lines": [232, 233, 234], "excluded_lines": []}, "get_child_map_sizes": {"executed_lines": [], "summary": {"covered_lines": 0, "num_statements": 5, "percent_covered": 0.0, "percent_covered_display": "0", "missing_lines": 5, "excluded_lines": 0}, "missing_lines": [247, 248, 249, 250, 251], "excluded_lines": []}, "get_mean_child_map_size": {"executed_lines": [], "summary": {"covered_lines": 0, "num_statements": 3, "percent_covered": 0.0, "percent_covered_display": "0", "missing_lines": 3, "excluded_lines": 0}, "missing_lines": [264, 265, 266], "excluded_lines": []}, "": {"executed_lines": [], "summary": {"covered_lines": 0, "num_statements": 17, "percent_covered": 0.0, "percent_covered_display": "0", "missing_lines": 17, "excluded_lines": 0}, "missing_lines": [1, 3, 5, 8, 52, 79, 86, 133, 153, 160, 179, 186, 205, 212, 230, 237, 254], "excluded_lines": []}}, "classes": {"": {"executed_lines": [], "summary": {"covered_lines": 0, "num_statements": 96, "percent_covered": 0.0, "percent_covered_display": "0", "missing_lines": 96, "excluded_lines": 0}, "missing_lines": [1, 3, 5, 8, 23, 26, 27, 30, 31, 32, 35, 38, 41, 42, 44, 45, 49, 52, 65, 68, 71, 72, 73, 76, 79, 81, 82, 83, 86, 102, 105, 106, 107, 108, 111, 112, 113, 115, 116, 119, 124, 127, 128, 130, 133, 143, 144, 145, 146, 148, 150, 153, 155, 156, 157, 160, 170, 171, 172, 173, 174, 176, 179, 181, 182, 183, 186, 197, 198, 199, 200, 202, 205, 207, 208, 209, 212, 222, 223, 224, 225, 227, 230, 232, 233, 234, 237, 247, 248, 249, 250, 251, 254, 264, 265, 266], "excluded_lines": []}}}, "ghsom/io/__init__.py": {"executed_lines": [1, 3, 5], "summary": {"covered_lines": 2, "num_statements": 2, "percent_covered": 100.0, "percent_covered_display": "100", "missing_lines": 0, "excluded_lines": 0}, "missing_lines": [], "excluded_lines": [], "functions": {"": {"executed_lines": [1, 3, 5], "summary": {"covered_lines": 2, "num_statements": 2, "percent_covered": 100.0, "percent_covered_display": "100", "missing_lines": 0, "excluded_lines": 0}, "missing_lines": [], "excluded_lines": []}}, "classes": {"": {"executed_lines": [1, 3, 5], "summary": {"covered_lines": 2, "num_statements": 2, "percent_covered": 100.0, "percent_covered_display": "100", "missing_lines": 0, "excluded_lines": 0}, "missing_lines": [], "excluded_lines": []}}}, "ghsom/io/parsing.py": {"executed_lines": [1, 2, 4, 7, 8, 10, 17, 20, 27, 67, 120, 142, 160, 205, 264, 310, 345], "summary": {"covered_lines": 16, "num_statements": 132, "percent_covered": 12.121212121212121, "percent_covered_display": "12", "missing_lines": 116, "excluded_lines": 0}, "missing_lines": [11, 12, 13, 14, 15, 18, 21, 28, 29, 31, 32, 34, 35, 36, 38, 39, 40, 42, 44, 47, 52, 53, 54, 57, 58, 60, 61, 62, 64, 79, 80, 82, 91, 92, 94, 96, 97, 100, 104, 106, 109, 110, 112, 115, 117, 131, 132, 134, 135, 137, 139, 157, 173, 176, 177, 180, 190, 191, 198, 202, 218, 220, 223, 224, 227, 228, 231, 232, 233, 234, 236, 237, 242, 246, 250, 251, 252, 253, 254, 255, 257, 259, 260, 261, 274, 276, 286, 289, 299, 300, 301, 302, 305, 307, 321, 323, 333, 334, 336, 337, 340, 342, 356, 363, 372, 375, 376, 377, 378, 381, 382, 385, 390, 391, 394, 396], "excluded_lines": [], "functions": {"GHSOMNode.__init__": {"executed_lines": [], "summary": {"covered_lines": 0, "num_statements": 5, "percent_covered": 0.0, "percent_covered_display": "0", "missing_lines": 5, "excluded_lines": 0}, "missing_lines": [11, 12, 13, 14, 15], "excluded_lines": []}, "GHSOMNode.add_child": {"executed_lines": [], "summary": {"covered_lines": 0, "num_statements": 1, "percent_covered": 0.0, "percent_covered_display": "0", "missing_lines": 1, "excluded_lines": 0}, "missing_lines": [18], "excluded_lines": []}, "GHSOMNode.__repr__": {"executed_lines": [], "summary": {"covered_lines": 0, "num_statements": 1, "percent_covered": 0.0, "percent_covered_display": "0", "missing_lines": 1, "excluded_lines": 0}, "missing_lines": [21], "excluded_lines": []}, "parse_ghsom_hierarchy": {"executed_lines": [], "summary": {"covered_lines": 0, "num_statements": 22, "percent_covered": 0.0, "percent_covered_display": "0", "missing_lines": 22, "excluded_lines": 0}, "missing_lines": [28, 29, 31, 32, 34, 35, 36, 38, 39, 40, 42, 44, 47, 52, 53, 54, 57, 58, 60, 61, 62, 64], "excluded_lines": []}, "create_lookup_table": {"executed_lines": [], "summary": {"covered_lines": 0, "num_statements": 5, "percent_covered": 0.0, "percent_covered_display": "0", "missing_lines": 5, "excluded_lines": 0}, "missing_lines": [79, 80, 82, 115, 117], "excluded_lines": []}, "create_lookup_table.traverse_and_add_to_table": {"executed_lines": [], "summary": {"covered_lines": 0, "num_statements": 11, "percent_covered": 0.0, "percent_covered_display": "0", "missing_lines": 11, "excluded_lines": 0}, "missing_lines": [91, 92, 94, 96, 97, 100, 104, 106, 109, 110, 112], "excluded_lines": []}, "encode_ghsom_node": {"executed_lines": [], "summary": {"covered_lines": 0, "num_statements": 6, "percent_covered": 0.0, "percent_covered_display": "0", "missing_lines": 6, "excluded_lines": 0}, "missing_lines": [131, 132, 134, 135, 137, 139], "excluded_lines": []}, "decode_ghsom_node": {"executed_lines": [], "summary": {"covered_lines": 0, "num_statements": 1, "percent_covered": 0.0, "percent_covered_display": "0", "missing_lines": 1, "excluded_lines": 0}, "missing_lines": [157], "excluded_lines": []}, "get_ghsom_node_statistics": {"executed_lines": [], "summary": {"covered_lines": 0, "num_statements": 8, "percent_covered": 0.0, "percent_covered_display": "0", "missing_lines": 8, "excluded_lines": 0}, "missing_lines": [173, 176, 177, 180, 190, 191, 198, 202], "excluded_lines": []}, "get_node_relative_path_by_id": {"executed_lines": [], "summary": {"covered_lines": 0, "num_statements": 24, "percent_covered": 0.0, "percent_covered_display": "0", "missing_lines": 24, "excluded_lines": 0}, "missing_lines": [218, 220, 223, 224, 227, 228, 231, 232, 233, 234, 236, 237, 242, 246, 250, 251, 252, 253, 254, 255, 257, 259, 260, 261], "excluded_lines": []}, "create_clusters_dict": {"executed_lines": [], "summary": {"covered_lines": 0, "num_statements": 4, "percent_covered": 0.0, "percent_covered_display": "0", "missing_lines": 4, "excluded_lines": 0}, "missing_lines": [274, 276, 305, 307], "excluded_lines": []}, "create_clusters_dict.traverse_tree": {"executed_lines": [], "summary": {"covered_lines": 0, "num_statements": 6, "percent_covered": 0.0, "percent_covered_display": "0", "missing_lines": 6, "excluded_lines": 0}, "missing_lines": [286, 289, 299, 300, 301, 302], "excluded_lines": []}, "get_clusters_by_level": {"executed_lines": [], "summary": {"covered_lines": 0, "num_statements": 4, "percent_covered": 0.0, "percent_covered_display": "0", "missing_lines": 4, "excluded_lines": 0}, "missing_lines": [321, 323, 340, 342], "excluded_lines": []}, "get_clusters_by_level.traverse_and_collect": {"executed_lines": [], "summary": {"covered_lines": 0, "num_statements": 4, "percent_covered": 0.0, "percent_covered_display": "0", "missing_lines": 4, "excluded_lines": 0}, "missing_lines": [333, 334, 336, 337], "excluded_lines": []}, "get_ghsom_statistics": {"executed_lines": [], "summary": {"covered_lines": 0, "num_statements": 4, "percent_covered": 0.0, "percent_covered_display": "0", "missing_lines": 4, "excluded_lines": 0}, "missing_lines": [356, 363, 394, 396], "excluded_lines": []}, "get_ghsom_statistics.traverse_tree": {"executed_lines": [], "summary": {"covered_lines": 0, "num_statements": 10, "percent_covered": 0.0, "percent_covered_display": "0", "missing_lines": 10, "excluded_lines": 0}, "missing_lines": [372, 375, 376, 377, 378, 381, 382, 385, 390, 391], "excluded_lines": []}, "": {"executed_lines": [1, 2, 4, 7, 8, 10, 17, 20, 27, 67, 120, 142, 160, 205, 264, 310, 345], "summary": {"covered_lines": 16, "num_statements": 16, "percent_covered": 100.0, "percent_covered_display": "100", "missing_lines": 0, "excluded_lines": 0}, "missing_lines": [], "excluded_lines": []}}, "classes": {"GHSOMNode": {"executed_lines": [], "summary": {"covered_lines": 0, "num_statements": 7, "percent_covered": 0.0, "percent_covered_display": "0", "missing_lines": 7, "excluded_lines": 0}, "missing_lines": [11, 12, 13, 14, 15, 18, 21], "excluded_lines": []}, "": {"executed_lines": [1, 2, 4, 7, 8, 10, 17, 20, 27, 67, 120, 142, 160, 205, 264, 310, 345], "summary": {"covered_lines": 16, "num_statements": 125, "percent_covered": 12.8, "percent_covered_display": "13", "missing_lines": 109, "excluded_lines": 0}, "missing_lines": [28, 29, 31, 32, 34, 35, 36, 38, 39, 40, 42, 44, 47, 52, 53, 54, 57, 58, 60, 61, 62, 64, 79, 80, 82, 91, 92, 94, 96, 97, 100, 104, 106, 109, 110, 112, 115, 117, 131, 132, 134, 135, 137, 139, 157, 173, 176, 177, 180, 190, 191, 198, 202, 218, 220, 223, 224, 227, 228, 231, 232, 233, 234, 236, 237, 242, 246, 250, 251, 252, 253, 254, 255, 257, 259, 260, 261, 274, 276, 286, 289, 299, 300, 301, 302, 305, 307, 321, 323, 333, 334, 336, 337, 340, 342, 356, 363, 372, 375, 376, 377, 378, 381, 382, 385, 390, 391, 394, 396], "excluded_lines": []}}}, "ghsom/io/persistence.py": {"executed_lines": [1, 4, 21, 22, 25, 35, 36], "summary": {"covered_lines": 7, "num_statements": 7, "percent_covered": 100.0, "percent_covered_display": "100", "missing_lines": 0, "excluded_lines": 0}, "missing_lines": [], "excluded_lines": [], "functions": {"save_model": {"executed_lines": [21, 22], "summary": {"covered_lines": 2, "num_statements": 2, "percent_covered": 100.0, "percent_covered_display": "100", "missing_lines": 0, "excluded_lines": 0}, "missing_lines": [], "excluded_lines": []}, "load_model": {"executed_lines": [35, 36], "summary": {"covered_lines": 2, "num_statements": 2, "percent_covered": 100.0, "percent_covered_display": "100", "missing_lines": 0, "excluded_lines": 0}, "missing_lines": [], "excluded_lines": []}, "": {"executed_lines": [1, 4, 25], "summary": {"covered_lines": 3, "num_statements": 3, "percent_covered": 100.0, "percent_covered_display": "100", "missing_lines": 0, "excluded_lines": 0}, "missing_lines": [], "excluded_lines": []}}, "classes": {"": {"executed_lines": [1, 4, 21, 22, 25, 35, 36], "summary": {"covered_lines": 7, "num_statements": 7, "percent_covered": 100.0, "percent_covered_display": "100", "missing_lines": 0, "excluded_lines": 0}, "missing_lines": [], "excluded_lines": []}}}, "ghsom/utils/__init__.py": {"executed_lines": [], "summary": {"covered_lines": 0, "num_statements": 0, "percent_covered": 100.0, "percent_covered_display": "100", "missing_lines": 0, "excluded_lines": 0}, "missing_lines": [], "excluded_lines": [], "functions": {"": {"executed_lines": [], "summary": {"covered_lines": 0, "num_statements": 0, "percent_covered": 100.0, "percent_covered_display": "100", "missing_lines": 0, "excluded_lines": 0}, "missing_lines": [], "excluded_lines": []}}, "classes": {"": {"executed_lines": [], "summary": {"covered_lines": 0, "num_statements": 0, "percent_covered": 100.0, "percent_covered_display": "100", "missing_lines": 0, "excluded_lines": 0}, "missing_lines": [], "excluded_lines": []}}}, "ghsom/utils/helpers.py": {"executed_lines": [], "summary": {"covered_lines": 0, "num_statements": 120, "percent_covered": 0.0, "percent_covered_display": "0", "missing_lines": 120, "excluded_lines": 0}, "missing_lines": [1, 2, 4, 5, 7, 11, 25, 26, 27, 28, 29, 30, 32, 33, 34, 35, 36, 38, 41, 59, 62, 63, 64, 67, 70, 73, 75, 78, 90, 91, 92, 94, 97, 99, 100, 101, 105, 108, 122, 124, 128, 129, 130, 131, 132, 135, 138, 141, 144, 146, 149, 162, 165, 166, 171, 174, 175, 177, 179, 182, 200, 201, 203, 204, 205, 206, 208, 212, 229, 230, 233, 236, 237, 240, 241, 246, 248, 251, 270, 271, 274, 275, 278, 279, 287, 288, 289, 290, 293, 307, 308, 309, 310, 311, 312, 432, 433, 446, 447, 448, 450, 452, 453, 455, 458, 472, 473, 474, 476, 477, 479, 481, 483, 484, 494, 508, 509, 510, 511, 513], "excluded_lines": [], "functions": {"get_used_neurons": {"executed_lines": [], "summary": {"covered_lines": 0, "num_statements": 12, "percent_covered": 0.0, "percent_covered_display": "0", "missing_lines": 12, "excluded_lines": 0}, "missing_lines": [25, 26, 27, 28, 29, 30, 32, 33, 34, 35, 36, 38], "excluded_lines": []}, "get_random_sample_used_neurons": {"executed_lines": [], "summary": {"covered_lines": 0, "num_statements": 8, "percent_covered": 0.0, "percent_covered_display": "0", "missing_lines": 8, "excluded_lines": 0}, "missing_lines": [59, 62, 63, 64, 67, 70, 73, 75], "excluded_lines": []}, "get_reference_data_point": {"executed_lines": [], "summary": {"covered_lines": 0, "num_statements": 9, "percent_covered": 0.0, "percent_covered_display": "0", "missing_lines": 9, "excluded_lines": 0}, "missing_lines": [90, 91, 92, 94, 97, 99, 100, 101, 105], "excluded_lines": []}, "find_best_matching_unit": {"executed_lines": [], "summary": {"covered_lines": 0, "num_statements": 12, "percent_covered": 0.0, "percent_covered_display": "0", "missing_lines": 12, "excluded_lines": 0}, "missing_lines": [122, 124, 128, 129, 130, 131, 132, 135, 138, 141, 144, 146], "excluded_lines": []}, "assign_ghsom_clusters": {"executed_lines": [], "summary": {"covered_lines": 0, "num_statements": 8, "percent_covered": 0.0, "percent_covered_display": "0", "missing_lines": 8, "excluded_lines": 0}, "missing_lines": [162, 165, 166, 171, 174, 175, 177, 179], "excluded_lines": []}, "create_neuron_table": {"executed_lines": [], "summary": {"covered_lines": 0, "num_statements": 7, "percent_covered": 0.0, "percent_covered_display": "0", "missing_lines": 7, "excluded_lines": 0}, "missing_lines": [200, 201, 203, 204, 205, 206, 208], "excluded_lines": []}, "calculate_cosine_similarity_between_two_neurons": {"executed_lines": [], "summary": {"covered_lines": 0, "num_statements": 9, "percent_covered": 0.0, "percent_covered_display": "0", "missing_lines": 9, "excluded_lines": 0}, "missing_lines": [229, 230, 233, 236, 237, 240, 241, 246, 248], "excluded_lines": []}, "get_neurons_similarity_matrix": {"executed_lines": [], "summary": {"covered_lines": 0, "num_statements": 10, "percent_covered": 0.0, "percent_covered_display": "0", "missing_lines": 10, "excluded_lines": 0}, "missing_lines": [270, 271, 274, 275, 278, 279, 287, 288, 289, 290], "excluded_lines": []}, "get_path_to_node": {"executed_lines": [], "summary": {"covered_lines": 0, "num_statements": 6, "percent_covered": 0.0, "percent_covered_display": "0", "missing_lines": 6, "excluded_lines": 0}, "missing_lines": [307, 308, 309, 310, 311, 312], "excluded_lines": []}, "collect_neurons": {"executed_lines": [], "summary": {"covered_lines": 0, "num_statements": 4, "percent_covered": 0.0, "percent_covered_display": "0", "missing_lines": 4, "excluded_lines": 0}, "missing_lines": [433, 452, 453, 455], "excluded_lines": []}, "collect_neurons._collect_neurons": {"executed_lines": [], "summary": {"covered_lines": 0, "num_statements": 4, "percent_covered": 0.0, "percent_covered_display": "0", "missing_lines": 4, "excluded_lines": 0}, "missing_lines": [446, 447, 448, 450], "excluded_lines": []}, "_get_used_neurons_postion": {"executed_lines": [], "summary": {"covered_lines": 0, "num_statements": 9, "percent_covered": 0.0, "percent_covered_display": "0", "missing_lines": 9, "excluded_lines": 0}, "missing_lines": [472, 473, 474, 476, 477, 479, 481, 483, 484], "excluded_lines": []}, "get_used_neurons_postion": {"executed_lines": [], "summary": {"covered_lines": 0, "num_statements": 5, "percent_covered": 0.0, "percent_covered_display": "0", "missing_lines": 5, "excluded_lines": 0}, "missing_lines": [508, 509, 510, 511, 513], "excluded_lines": []}, "": {"executed_lines": [], "summary": {"covered_lines": 0, "num_statements": 17, "percent_covered": 0.0, "percent_covered_display": "0", "missing_lines": 17, "excluded_lines": 0}, "missing_lines": [1, 2, 4, 5, 7, 11, 41, 78, 108, 149, 182, 212, 251, 293, 432, 458, 494], "excluded_lines": []}}, "classes": {"": {"executed_lines": [], "summary": {"covered_lines": 0, "num_statements": 120, "percent_covered": 0.0, "percent_covered_display": "0", "missing_lines": 120, "excluded_lines": 0}, "missing_lines": [1, 2, 4, 5, 7, 11, 25, 26, 27, 28, 29, 30, 32, 33, 34, 35, 36, 38, 41, 59, 62, 63, 64, 67, 70, 73, 75, 78, 90, 91, 92, 94, 97, 99, 100, 101, 105, 108, 122, 124, 128, 129, 130, 131, 132, 135, 138, 141, 144, 146, 149, 162, 165, 166, 171, 174, 175, 177, 179, 182, 200, 201, 203, 204, 205, 206, 208, 212, 229, 230, 233, 236, 237, 240, 241, 246, 248, 251, 270, 271, 274, 275, 278, 279, 287, 288, 289, 290, 293, 307, 308, 309, 310, 311, 312, 432, 433, 446, 447, 448, 450, 452, 453, 455, 458, 472, 473, 474, 476, 477, 479, 481, 483, 484, 494, 508, 509, 510, 511, 513], "excluded_lines": []}}}}, "totals": {"covered_lines": 293, "num_statements": 738, "percent_covered": 39.70189701897019, "percent_covered_display": "40", "missing_lines": 445, "excluded_lines": 0}}